Build started 3/12/2016 3:00:05 PM.
     1>Project "C:\Users\Aqib\Desktop\Assignment 2\Assignment 2.vcxproj" on node 2 (build target(s)).
     1>InitializeBuildStatus:
         Creating "Debug\Assignment 2.unsuccessfulbuild" because "AlwaysCreate" was specified.
       ClCompile:
         C:\Program Files (x86)\Microsoft Visual Studio 10.0\VC\bin\CL.exe /c /ZI /nologo /W3 /WX- /Od /Oy- /D WIN32 /D _DEBUG /D _CONSOLE /D _UNICODE /D UNICODE /Gm /EHsc /RTC1 /MDd /GS /fp:precise /Zc:wchar_t /Zc:forScope /Fo"Debug\\" /Fd"Debug\vc100.pdb" /Gd /TP /analyze- /errorReport:prompt "Assign 2.cpp"
         Assign 2.cpp
       ManifestResourceCompile:
         All outputs are up-to-date.
       Link:
         C:\Program Files (x86)\Microsoft Visual Studio 10.0\VC\bin\link.exe /ERRORREPORT:PROMPT /OUT:"C:\Users\Aqib\Desktop\Assignment 2\Debug\Assignment 2.exe" /INCREMENTAL /NOLOGO kernel32.lib user32.lib gdi32.lib winspool.lib comdlg32.lib advapi32.lib shell32.lib ole32.lib oleaut32.lib uuid.lib odbc32.lib odbccp32.lib /MANIFEST /ManifestFile:"Debug\Assignment 2.exe.intermediate.manifest" /MANIFESTUAC:"level='asInvoker' uiAccess='false'" /DEBUG /PDB:"C:\Users\Aqib\Desktop\Assignment 2\Debug\Assignment 2.pdb" /SUBSYSTEM:CONSOLE /TLBID:1 /DYNAMICBASE /NXCOMPAT /IMPLIB:"C:\Users\Aqib\Desktop\Assignment 2\Debug\Assignment 2.lib" /MACHINE:X86 "Debug\Assignment 2.exe.embed.manifest.res"
         "Debug\Assign 2.obj"
       Manifest:
         C:\Program Files (x86)\Microsoft SDKs\Windows\v7.0A\bin\mt.exe /nologo /verbose /out:"Debug\Assignment 2.exe.embed.manifest" /manifest "Debug\Assignment 2.exe.intermediate.manifest"
         All outputs are up-to-date.
       LinkEmbedManifest:
         All outputs are up-to-date.
         Assignment 2.vcxproj -> C:\Users\Aqib\Desktop\Assignment 2\Debug\Assignment 2.exe
       FinalizeBuildStatus:
         Deleting file "Debug\Assignment 2.unsuccessfulbuild".
         Touching "Debug\Assignment 2.lastbuildstate".
     1>Done Building Project "C:\Users\Aqib\Desktop\Assignment 2\Assignment 2.vcxproj" (build target(s)).

Build succeeded.

Time Elapsed 00:00:01.47
