Build started 3/3/2017 3:21:09 PM.
     1>Project "D:\Semeters' stuff\4th semester\DS\program solutions\A03 hashtable dictionary\A03 hashtable dictionary\A03 hashtable dictionary.vcxproj" on node 2 (build target(s)).
     1>InitializeBuildStatus:
         Creating "Debug\A03 hashtable dictionary.unsuccessfulbuild" because "AlwaysCreate" was specified.
       ClCompile:
         D:\Microsoft Visual Studio 10.0\VC\bin\CL.exe /c /ZI /nologo /W3 /WX- /Od /Oy- /D WIN32 /D _DEBUG /D _CONSOLE /D _UNICODE /D UNICODE /Gm /EHsc /RTC1 /MDd /GS /fp:precise /Zc:wchar_t /Zc:forScope /Fo"Debug\\" /Fd"Debug\vc100.pdb" /Gd /TP /analyze- /errorReport:prompt "..\..\..\..\..\..\Semeters' stuff\4th semester\DS\program solutions\A03 hashtable dictionary\A03 hashtable dictionary\A03.cpp"
         A03.cpp
     1>d:\semeters' stuff\4th semester\ds\program solutions\a03 hashtable dictionary\a03 hashtable dictionary\a03.cpp(139): warning C4018: '<' : signed/unsigned mismatch
       ManifestResourceCompile:
         All outputs are up-to-date.
       Link:
         D:\Microsoft Visual Studio 10.0\VC\bin\link.exe /ERRORREPORT:PROMPT /OUT:"D:\Semeters' stuff\4th semester\DS\program solutions\A03 hashtable dictionary\Debug\A03 hashtable dictionary.exe" /INCREMENTAL /NOLOGO kernel32.lib user32.lib gdi32.lib winspool.lib comdlg32.lib advapi32.lib shell32.lib ole32.lib oleaut32.lib uuid.lib odbc32.lib odbccp32.lib /MANIFEST /ManifestFile:"Debug\A03 hashtable dictionary.exe.intermediate.manifest" /MANIFESTUAC:"level='asInvoker' uiAccess='false'" /DEBUG /PDB:"D:\Semeters' stuff\4th semester\DS\program solutions\A03 hashtable dictionary\Debug\A03 hashtable dictionary.pdb" /SUBSYSTEM:CONSOLE /TLBID:1 /DYNAMICBASE /NXCOMPAT /IMPLIB:"D:\Semeters' stuff\4th semester\DS\program solutions\A03 hashtable dictionary\Debug\A03 hashtable dictionary.lib" /MACHINE:X86 "Debug\A03 hashtable dictionary.exe.embed.manifest.res"
         Debug\A03.obj
       Manifest:
         C:\Program Files (x86)\Microsoft SDKs\Windows\v7.0A\bin\mt.exe /nologo /verbose /out:"Debug\A03 hashtable dictionary.exe.embed.manifest" /manifest "Debug\A03 hashtable dictionary.exe.intermediate.manifest"
         All outputs are up-to-date.
       LinkEmbedManifest:
         All outputs are up-to-date.
         A03 hashtable dictionary.vcxproj -> D:\Semeters' stuff\4th semester\DS\program solutions\A03 hashtable dictionary\Debug\A03 hashtable dictionary.exe
       FinalizeBuildStatus:
         Deleting file "Debug\A03 hashtable dictionary.unsuccessfulbuild".
         Touching "Debug\A03 hashtable dictionary.lastbuildstate".
     1>Done Building Project "D:\Semeters' stuff\4th semester\DS\program solutions\A03 hashtable dictionary\A03 hashtable dictionary\A03 hashtable dictionary.vcxproj" (build target(s)).

Build succeeded.

Time Elapsed 00:00:01.63
