Build started 4/27/2017 8:22:49 PM.
     1>Project "D:\Semeters' stuff\4th semester\DS\program solutions\pak maps\pak maps\pak maps.vcxproj" on node 2 (build target(s)).
     1>InitializeBuildStatus:
         Creating "Debug\pak maps.unsuccessfulbuild" because "AlwaysCreate" was specified.
       ClCompile:
         D:\Microsoft Visual Studio 10.0\VC\bin\CL.exe /c /ZI /nologo /W3 /WX- /Od /Oy- /D WIN32 /D _DEBUG /D _CONSOLE /D _UNICODE /D UNICODE /Gm /EHsc /RTC1 /MDd /GS /fp:precise /Zc:wchar_t /Zc:forScope /Fo"Debug\\" /Fd"Debug\vc100.pdb" /Gd /TP /analyze- /errorReport:prompt "..\..\..\..\..\..\Semeters' stuff\4th semester\DS\program solutions\pak maps\pak maps\task1.cpp"
         task1.cpp
     1>d:\semeters' stuff\4th semester\ds\program solutions\pak maps\pak maps\task1.cpp(83): warning C4244: '=' : conversion from 'double' to 'int', possible loss of data
       ManifestResourceCompile:
         All outputs are up-to-date.
       Link:
         D:\Microsoft Visual Studio 10.0\VC\bin\link.exe /ERRORREPORT:PROMPT /OUT:"D:\Semeters' stuff\4th semester\DS\program solutions\pak maps\Debug\pak maps.exe" /INCREMENTAL /NOLOGO kernel32.lib user32.lib gdi32.lib winspool.lib comdlg32.lib advapi32.lib shell32.lib ole32.lib oleaut32.lib uuid.lib odbc32.lib odbccp32.lib /MANIFEST /ManifestFile:"Debug\pak maps.exe.intermediate.manifest" /MANIFESTUAC:"level='asInvoker' uiAccess='false'" /DEBUG /PDB:"D:\Semeters' stuff\4th semester\DS\program solutions\pak maps\Debug\pak maps.pdb" /SUBSYSTEM:CONSOLE /TLBID:1 /DYNAMICBASE /NXCOMPAT /IMPLIB:"D:\Semeters' stuff\4th semester\DS\program solutions\pak maps\Debug\pak maps.lib" /MACHINE:X86 "Debug\pak maps.exe.embed.manifest.res"
         Debug\task1.obj
       Manifest:
         C:\Program Files (x86)\Microsoft SDKs\Windows\v7.0A\bin\mt.exe /nologo /verbose /out:"Debug\pak maps.exe.embed.manifest" /manifest "Debug\pak maps.exe.intermediate.manifest"
         All outputs are up-to-date.
       LinkEmbedManifest:
         All outputs are up-to-date.
         pak maps.vcxproj -> D:\Semeters' stuff\4th semester\DS\program solutions\pak maps\Debug\pak maps.exe
       FinalizeBuildStatus:
         Deleting file "Debug\pak maps.unsuccessfulbuild".
         Touching "Debug\pak maps.lastbuildstate".
     1>Done Building Project "D:\Semeters' stuff\4th semester\DS\program solutions\pak maps\pak maps\pak maps.vcxproj" (build target(s)).

Build succeeded.

Time Elapsed 00:00:01.48
