D:\SEMETERS' STUFF\4TH SEMESTER\DS\PROGRAM SOLUTIONS\A04 BST DATA HANDLING\A04 BST DATA HANDLING\DEBUG\A04 BST DATA HANDLING.EXE.EMBED.MANIFEST
D:\SEMETERS' STUFF\4TH SEMESTER\DS\PROGRAM SOLUTIONS\A04 BST DATA HANDLING\A04 BST DATA HANDLING\DEBUG\A04 BST DATA HANDLING.EXE.EMBED.MANIFEST.RES
D:\SEMETERS' STUFF\4TH SEMESTER\DS\PROGRAM SOLUTIONS\A04 BST DATA HANDLING\A04 BST DATA HANDLING\DEBUG\A04 BST DATA HANDLING.EXE.INTERMEDIATE.MANIFEST
D:\Semeters' stuff\4th semester\DS\program solutions\A04 BST data handling\A04 BST data handling\Debug\A04 BST data handling_manifest.rc
D:\SEMETERS' STUFF\4TH SEMESTER\DS\PROGRAM SOLUTIONS\A04 BST DATA HANDLING\A04 BST DATA HANDLING\DEBUG\A04T01.OBJ
D:\Semeters' stuff\4th semester\DS\program solutions\A04 BST data handling\A04 BST data handling\Debug\cl.command.1.tlog
D:\Semeters' stuff\4th semester\DS\program solutions\A04 BST data handling\A04 BST data handling\Debug\CL.read.1.tlog
D:\Semeters' stuff\4th semester\DS\program solutions\A04 BST data handling\A04 BST data handling\Debug\CL.write.1.tlog
D:\Semeters' stuff\4th semester\DS\program solutions\A04 BST data handling\A04 BST data handling\Debug\link.3220.read.1.tlog
D:\Semeters' stuff\4th semester\DS\program solutions\A04 BST data handling\A04 BST data handling\Debug\link.3220.write.1.tlog
D:\Semeters' stuff\4th semester\DS\program solutions\A04 BST data handling\A04 BST data handling\Debug\link.3220-cvtres.read.1.tlog
D:\Semeters' stuff\4th semester\DS\program solutions\A04 BST data handling\A04 BST data handling\Debug\link.3220-cvtres.write.1.tlog
D:\Semeters' stuff\4th semester\DS\program solutions\A04 BST data handling\A04 BST data handling\Debug\link.3280.read.1.tlog
D:\Semeters' stuff\4th semester\DS\program solutions\A04 BST data handling\A04 BST data handling\Debug\link.3280.write.1.tlog
D:\Semeters' stuff\4th semester\DS\program solutions\A04 BST data handling\A04 BST data handling\Debug\link.3280-cvtres.read.1.tlog
D:\Semeters' stuff\4th semester\DS\program solutions\A04 BST data handling\A04 BST data handling\Debug\link.3280-cvtres.write.1.tlog
D:\Semeters' stuff\4th semester\DS\program solutions\A04 BST data handling\A04 BST data handling\Debug\link.5364.read.1.tlog
D:\Semeters' stuff\4th semester\DS\program solutions\A04 BST data handling\A04 BST data handling\Debug\link.5364.write.1.tlog
D:\Semeters' stuff\4th semester\DS\program solutions\A04 BST data handling\A04 BST data handling\Debug\link.5364-cvtres.read.1.tlog
D:\Semeters' stuff\4th semester\DS\program solutions\A04 BST data handling\A04 BST data handling\Debug\link.5364-cvtres.write.1.tlog
D:\Semeters' stuff\4th semester\DS\program solutions\A04 BST data handling\A04 BST data handling\Debug\link.5944.read.1.tlog
D:\Semeters' stuff\4th semester\DS\program solutions\A04 BST data handling\A04 BST data handling\Debug\link.5944.write.1.tlog
D:\Semeters' stuff\4th semester\DS\program solutions\A04 BST data handling\A04 BST data handling\Debug\link.5944-cvtres.read.1.tlog
D:\Semeters' stuff\4th semester\DS\program solutions\A04 BST data handling\A04 BST data handling\Debug\link.5944-cvtres.write.1.tlog
D:\Semeters' stuff\4th semester\DS\program solutions\A04 BST data handling\A04 BST data handling\Debug\link.command.1.tlog
D:\Semeters' stuff\4th semester\DS\program solutions\A04 BST data handling\A04 BST data handling\Debug\link.read.1.tlog
D:\Semeters' stuff\4th semester\DS\program solutions\A04 BST data handling\A04 BST data handling\Debug\link.write.1.tlog
D:\Semeters' stuff\4th semester\DS\program solutions\A04 BST data handling\A04 BST data handling\Debug\link-cvtres.read.1.tlog
D:\Semeters' stuff\4th semester\DS\program solutions\A04 BST data handling\A04 BST data handling\Debug\link-cvtres.write.1.tlog
D:\Semeters' stuff\4th semester\DS\program solutions\A04 BST data handling\A04 BST data handling\Debug\mt.command.1.tlog
D:\Semeters' stuff\4th semester\DS\program solutions\A04 BST data handling\A04 BST data handling\Debug\mt.read.1.tlog
D:\Semeters' stuff\4th semester\DS\program solutions\A04 BST data handling\A04 BST data handling\Debug\mt.write.1.tlog
D:\Semeters' stuff\4th semester\DS\program solutions\A04 BST data handling\A04 BST data handling\Debug\rc.command.1.tlog
D:\Semeters' stuff\4th semester\DS\program solutions\A04 BST data handling\A04 BST data handling\Debug\rc.read.1.tlog
D:\Semeters' stuff\4th semester\DS\program solutions\A04 BST data handling\A04 BST data handling\Debug\rc.write.1.tlog
D:\Semeters' stuff\4th semester\DS\program solutions\A04 BST data handling\A04 BST data handling\Debug\vc100.idb
D:\SEMETERS' STUFF\4TH SEMESTER\DS\PROGRAM SOLUTIONS\A04 BST DATA HANDLING\A04 BST DATA HANDLING\DEBUG\VC100.PDB
D:\SEMETERS' STUFF\4TH SEMESTER\DS\PROGRAM SOLUTIONS\A04 BST DATA HANDLING\DEBUG\A04 BST DATA HANDLING.EXE
D:\SEMETERS' STUFF\4TH SEMESTER\DS\PROGRAM SOLUTIONS\A04 BST DATA HANDLING\DEBUG\A04 BST DATA HANDLING.ILK
D:\SEMETERS' STUFF\4TH SEMESTER\DS\PROGRAM SOLUTIONS\A04 BST DATA HANDLING\DEBUG\A04 BST DATA HANDLING.PDB
