Build started 3/23/2017 10:42:19 AM.
     1>Project "D:\Semeters' stuff\4th semester\DS\program solutions\A04 BST data handling\A04 BST data handling\A04 BST data handling.vcxproj" on node 2 (build target(s)).
     1>InitializeBuildStatus:
         Creating "Debug\A04 BST data handling.unsuccessfulbuild" because "AlwaysCreate" was specified.
       ClCompile:
         D:\Microsoft Visual Studio 10.0\VC\bin\CL.exe /c /ZI /nologo /W3 /WX- /Od /Oy- /D WIN32 /D _DEBUG /D _CONSOLE /D _UNICODE /D UNICODE /Gm /EHsc /RTC1 /MDd /GS /fp:precise /Zc:wchar_t /Zc:forScope /Fo"Debug\\" /Fd"Debug\vc100.pdb" /Gd /TP /analyze- /errorReport:prompt "..\..\..\..\..\..\Semeters' stuff\4th semester\DS\program solutions\A04 BST data handling\A04 BST data handling\A04T01.cpp"
         A04T01.cpp
       ManifestResourceCompile:
         All outputs are up-to-date.
       Link:
         D:\Microsoft Visual Studio 10.0\VC\bin\link.exe /ERRORREPORT:PROMPT /OUT:"D:\Semeters' stuff\4th semester\DS\program solutions\A04 BST data handling\Debug\A04 BST data handling.exe" /INCREMENTAL /NOLOGO kernel32.lib user32.lib gdi32.lib winspool.lib comdlg32.lib advapi32.lib shell32.lib ole32.lib oleaut32.lib uuid.lib odbc32.lib odbccp32.lib /MANIFEST /ManifestFile:"Debug\A04 BST data handling.exe.intermediate.manifest" /MANIFESTUAC:"level='asInvoker' uiAccess='false'" /DEBUG /PDB:"D:\Semeters' stuff\4th semester\DS\program solutions\A04 BST data handling\Debug\A04 BST data handling.pdb" /SUBSYSTEM:CONSOLE /TLBID:1 /DYNAMICBASE /NXCOMPAT /IMPLIB:"D:\Semeters' stuff\4th semester\DS\program solutions\A04 BST data handling\Debug\A04 BST data handling.lib" /MACHINE:X86 "Debug\A04 BST data handling.exe.embed.manifest.res"
         Debug\A04T01.obj
       Manifest:
         C:\Program Files (x86)\Microsoft SDKs\Windows\v7.0A\bin\mt.exe /nologo /verbose /out:"Debug\A04 BST data handling.exe.embed.manifest" /manifest "Debug\A04 BST data handling.exe.intermediate.manifest"
         All outputs are up-to-date.
       LinkEmbedManifest:
         All outputs are up-to-date.
         A04 BST data handling.vcxproj -> D:\Semeters' stuff\4th semester\DS\program solutions\A04 BST data handling\Debug\A04 BST data handling.exe
       FinalizeBuildStatus:
         Deleting file "Debug\A04 BST data handling.unsuccessfulbuild".
         Touching "Debug\A04 BST data handling.lastbuildstate".
     1>Done Building Project "D:\Semeters' stuff\4th semester\DS\program solutions\A04 BST data handling\A04 BST data handling\A04 BST data handling.vcxproj" (build target(s)).

Build succeeded.

Time Elapsed 00:00:08.56
